proguard/seeds.txt
com.wlx.wsolandroid.MainActivity
com.wlx.wsolandroid.MainActivity: MainActivity()
com.wlx.wsolandroid.MainActivity: void onClick(android.view.View)
com.wlx.wsolandroid.R$anim: int slide_in_left
com.wlx.wsolandroid.R$anim: int slide_in_right
com.wlx.wsolandroid.R$anim: int slide_out_left
com.wlx.wsolandroid.R$anim: int slide_out_right
com.wlx.wsolandroid.R$attr: int actionBarDivider
com.wlx.wsolandroid.R$attr: int actionBarItemBackground
com.wlx.wsolandroid.R$attr: int actionBarSize
com.wlx.wsolandroid.R$attr: int actionBarSplitStyle
com.wlx.wsolandroid.R$attr: int actionBarStyle
com.wlx.wsolandroid.R$attr: int actionBarTabBarStyle
com.wlx.wsolandroid.R$attr: int actionBarTabStyle
com.wlx.wsolandroid.R$attr: int actionBarTabTextStyle
com.wlx.wsolandroid.R$attr: int actionBarWidgetTheme
com.wlx.wsolandroid.R$attr: int actionButtonStyle
com.wlx.wsolandroid.R$attr: int actionDropDownStyle
com.wlx.wsolandroid.R$attr: int actionMenuTextAppearance
com.wlx.wsolandroid.R$attr: int actionMenuTextColor
com.wlx.wsolandroid.R$attr: int actionModeBackground
com.wlx.wsolandroid.R$attr: int actionModeCloseButtonStyle
com.wlx.wsolandroid.R$attr: int actionModeCloseDrawable
com.wlx.wsolandroid.R$attr: int actionModePopupWindowStyle
com.wlx.wsolandroid.R$attr: int actionModeShareDrawable
com.wlx.wsolandroid.R$attr: int actionModeSplitBackground
com.wlx.wsolandroid.R$attr: int actionModeStyle
com.wlx.wsolandroid.R$attr: int actionOverflowButtonStyle
com.wlx.wsolandroid.R$attr: int actionSpinnerItemStyle
com.wlx.wsolandroid.R$attr: int activatedBackgroundIndicator
com.wlx.wsolandroid.R$attr: int activityChooserViewStyle
com.wlx.wsolandroid.R$attr: int background
com.wlx.wsolandroid.R$attr: int backgroundSplit
com.wlx.wsolandroid.R$attr: int backgroundStacked
com.wlx.wsolandroid.R$attr: int barColor
com.wlx.wsolandroid.R$bool: int abs__action_bar_embed_tabs
com.wlx.wsolandroid.R$bool: int abs__action_bar_expanded_action_views_exclusive
com.wlx.wsolandroid.R$bool: int abs__config_actionMenuItemAllCaps
com.wlx.wsolandroid.R$bool: int abs__config_allowActionMenuItemTextWithIcon
com.wlx.wsolandroid.R$bool: int abs__config_showMenuShortcutsWhenKeyboardPresent
com.wlx.wsolandroid.R$bool: int abs__split_action_bar_is_narrow
com.wlx.wsolandroid.R$color: int abs__background_holo_dark
com.wlx.wsolandroid.R$color: int abs__background_holo_light
com.wlx.wsolandroid.R$color: int abs__bright_foreground_disabled_holo_dark
com.wlx.wsolandroid.R$color: int abs__bright_foreground_disabled_holo_light
com.wlx.wsolandroid.R$color: int abs__bright_foreground_holo_dark
com.wlx.wsolandroid.R$color: int abs__bright_foreground_holo_light
com.wlx.wsolandroid.R$color: int abs__primary_text_disable_only_holo_dark
com.wlx.wsolandroid.R$color: int abs__primary_text_disable_only_holo_light
com.wlx.wsolandroid.R$color: int abs__primary_text_holo_dark
com.wlx.wsolandroid.R$color: int abs__primary_text_holo_light
com.wlx.wsolandroid.R$color: int actionbar_text_color
com.wlx.wsolandroid.R$color: int aliceblue
com.wlx.wsolandroid.R$color: int antiquewhite
com.wlx.wsolandroid.R$color: int aqua
com.wlx.wsolandroid.R$color: int aquamarine
com.wlx.wsolandroid.R$color: int azure
com.wlx.wsolandroid.R$color: int beige
com.wlx.wsolandroid.R$color: int bisque
com.wlx.wsolandroid.R$color: int black
com.wlx.wsolandroid.R$color: int blanchedalmond
com.wlx.wsolandroid.R$color: int blue
com.wlx.wsolandroid.R$color: int blueviolet
com.wlx.wsolandroid.R$color: int brown
com.wlx.wsolandroid.R$color: int burlywood
com.wlx.wsolandroid.R$color: int cadetblue
com.wlx.wsolandroid.R$color: int chartreuse
com.wlx.wsolandroid.R$color: int chocolate
com.wlx.wsolandroid.R$color: int coral
com.wlx.wsolandroid.R$color: int cornflowerblue
...
android.support.v4.app.BackStackState
android.support.v4.app.BackStackState: android.os.Parcelable$Creator CREATOR
android.support.v4.app.Fragment$SavedState
android.support.v4.app.Fragment$SavedState: android.os.Parcelable$Creator CREATOR
android.support.v4.app.FragmentActivity
android.support.v4.app.FragmentActivity: FragmentActivity()
android.support.v4.app.FragmentManagerState
android.support.v4.app.FragmentManagerState: android.os.Parcelable$Creator CREATOR
android.support.v4.app.FragmentState
android.support.v4.app.FragmentState: android.os.Parcelable$Creator CREATOR
android.support.v4.app.FragmentTabHost: void setOnTabChangedListener(android.widget.TabHost$OnTabChangeListener)
android.support.v4.app.FragmentTabHost$SavedState
android.support.v4.app.FragmentTabHost$SavedState: android.os.Parcelable$Creator CREATOR
android.support.v4.app.NotificationCompatSideChannelService
android.support.v4.app.Watson
android.support.v4.content.FileProvider
android.support.v4.content.ModernAsyncTask$Status: android.support.v4.content.ModernAsyncTask$Status[] values()
android.support.v4.content.ModernAsyncTask$Status: android.support.v4.content.ModernAsyncTask$Status valueOf(java.lang.String)
android.support.v4.content.WakefulBroadcastReceiver
android.support.v4.view.PagerTabStrip: void setTabIndicatorColor(int)
android.support.v4.view.PagerTabStrip: void setTabIndicatorColorResource(int)
android.support.v4.view.PagerTabStrip: int getTabIndicatorColor()
android.support.v4.view.PagerTabStrip: void setTextSpacing(int)
android.support.v4.view.PagerTabStrip: void setBackgroundDrawable(android.graphics.drawable.Drawable)
android.support.v4.view.PagerTabStrip: void setBackgroundColor(int)
android.support.v4.view.PagerTabStrip: void setBackgroundResource(int)
android.support.v4.view.PagerTabStrip: void setDrawFullUnderline(boolean)
android.support.v4.view.PagerTabStrip: boolean getDrawFullUnderline()
android.support.v4.view.PagerTabStrip: int getMinHeight()
android.support.v4.view.PagerTitleStrip: void setSingleLineAllCaps(android.widget.TextView)
android.support.v4.view.PagerTitleStrip: void setTextSpacing(int)
android.support.v4.view.PagerTitleStrip: int getTextSpacing()
android.support.v4.view.PagerTitleStrip: void setNonPrimaryAlpha(float)
android.support.v4.view.PagerTitleStrip: void setTextColor(int)
android.support.v4.view.PagerTitleStrip: void setGravity(int)
android.support.v4.view.PagerTitleStrip: int getMinHeight()
android.support.v4.view.ViewPager: void setScrollState(int)
android.support.v4.view.ViewPager: void setAdapter(android.support.v4.view.PagerAdapter)
android.support.v4.view.ViewPager: android.support.v4.view.PagerAdapter getAdapter()
android.support.v4.view.ViewPager: void setOnAdapterChangeListener(android.support.v4.view.ViewPager$OnAdapterChangeListener)
android.support.v4.view.ViewPager: int getClientWidth()
android.support.v4.view.ViewPager: void setCurrentItem(int)
android.support.v4.view.ViewPager: int getCurrentItem()
android.support.v4.view.ViewPager: void setOnPageChangeListener(android.support.v4.view.ViewPager$OnPageChangeListener)
android.support.v4.view.ViewPager: void setChildrenDrawingOrderEnabledCompat(boolean)
android.support.v4.view.ViewPager: int getOffscreenPageLimit()
android.support.v4.view.ViewPager: void setOffscreenPageLimit(int)
android.support.v4.view.ViewPager: void setPageMargin(int)
android.support.v4.view.ViewPager: int getPageMargin()
android.support.v4.view.ViewPager: void setPageMarginDrawable(android.graphics.drawable.Drawable)
android.support.v4.view.ViewPager: void setPageMarginDrawable(int)
android.support.v4.view.ViewPager: void setScrollingCacheEnabled(boolean)
android.support.v4.view.ViewPager$SavedState
android.support.v4.view.ViewPager$SavedState: android.os.Parcelable$Creator CREATOR