proguard/mapping.txt
com.wlx.wsolandroid.BaseFragment -> com.wlx.wsolandroid.a:
    com.wlx.wsolandroid.BaseFragment$menuClicklistener mClicklistener -> P
    void onAttach(android.app.Activity) -> a
com.wlx.wsolandroid.BaseFragment$menuClicklistener -> com.wlx.wsolandroid.b:
    void menuClick() -> a
com.wlx.wsolandroid.LoadhtmlFragment -> com.wlx.wsolandroid.c:
    android.webkit.WebView wb_content -> Q
    java.lang.String loadHTMLName -> R
    void onCreate(android.os.Bundle) -> d
    android.view.View onCreateView(android.view.LayoutInflater,android.view.ViewGroup,android.os.Bundle) -> a
    void initActionBar(android.view.View) -> a
    void loadData() -> x
    void onResume() -> g
    void onPause() -> h
com.wlx.wsolandroid.LoadhtmlFragment$1 -> com.wlx.wsolandroid.d:
    com.wlx.wsolandroid.LoadhtmlFragment this$0 -> a
    void onClick(android.view.View) -> onClick
com.wlx.wsolandroid.LoadtxtFragment -> com.wlx.wsolandroid.e:
    android.widget.TextView tv_content -> Q
    java.lang.String loadTXTName -> R
    void onCreate(android.os.Bundle) -> d
    android.view.View onCreateView(android.view.LayoutInflater,android.view.ViewGroup,android.os.Bundle) -> a
    void initActionBar(android.view.View) -> a
    void onResume() -> g
    void onPause() -> h
com.wlx.wsolandroid.LoadtxtFragment$1 -> com.wlx.wsolandroid.f:
    com.wlx.wsolandroid.LoadtxtFragment this$0 -> a
    void onClick(android.view.View) -> onClick
com.wlx.wsolandroid.MainActivity -> com.wlx.wsolandroid.MainActivity:
    com.jeremyfeinstein.slidingmenu.lib.SlidingMenu menu -> n
    android.widget.TextView tv_wuqi_1 -> o
    android.widget.TextView tv_renwu_1 -> p
    android.widget.TextView tv_renwu_2 -> q
    android.widget.TextView tv_qita_2 -> r
    android.widget.TextView tv_fujiang_1 -> s
    java.lang.String currentFragment -> t
    void onCreate(android.os.Bundle) -> onCreate
    void initView() -> f
    void initSlidingMenu() -> g
    boolean onKeyDown(int,android.view.KeyEvent) -> onKeyDown
    void onClick(android.view.View) -> onClick
    void onResume() -> onResume
    void onPause() -> onPause
    void menuClick() -> a
com.wlx.wsolandroid.MeizhouhuodongFragment -> com.wlx.wsolandroid.g:
    android.support.v4.widget.SwipeRefreshLayout swipeRefreshLayout -> R
    android.widget.TextView tv_content -> S
    net.tsz.afinal.FinalHttp finalHttp -> T
    int progress -> Q
    void onCreate(android.os.Bundle) -> d
    android.view.View onCreateView(android.view.LayoutInflater,android.view.ViewGroup,android.os.Bundle) -> a
    void initActionBar(android.view.View) -> a
    void onResume() -> g
    void onPause() -> h
    void onRefresh() -> d_
    void loadData() -> x
    android.support.v4.widget.SwipeRefreshLayout access$0(com.wlx.wsolandroid.MeizhouhuodongFragment) -> a
    android.widget.TextView access$1(com.wlx.wsolandroid.MeizhouhuodongFragment) -> b
com.wlx.wsolandroid.MeizhouhuodongFragment$1 -> com.wlx.wsolandroid.h:
    com.wlx.wsolandroid.MeizhouhuodongFragment this$0 -> a
    void onClick(android.view.View) -> onClick
com.wlx.wsolandroid.MeizhouhuodongFragment$2 -> com.wlx.wsolandroid.i:
    com.wlx.wsolandroid.MeizhouhuodongFragment this$0 -> a
    void onStart() -> a
    void onSuccess(java.lang.Object) -> a
    void onFailure(java.lang.Throwable,int,java.lang.String) -> a
...
com.actionbarsherlock.app.SherlockFragmentActivity -> com.actionbarsherlock.app.SherlockFragmentActivity:
    com.actionbarsherlock.ActionBarSherlock mSherlock -> n
    boolean mIgnoreNativeCreate -> o
    boolean mIgnoreNativePrepare -> p
    boolean mIgnoreNativeSelected -> q
    com.actionbarsherlock.ActionBarSherlock getSherlock() -> g
    void onConfigurationChanged(android.content.res.Configuration) -> onConfigurationChanged
    void onPostResume() -> onPostResume
    void onPause() -> onPause
    void onStop() -> onStop
    void onDestroy() -> onDestroy
    void onPostCreate(android.os.Bundle) -> onPostCreate
    void onTitleChanged(java.lang.CharSequence,int) -> onTitleChanged
    boolean onMenuOpened(int,android.view.Menu) -> onMenuOpened
    void onPanelClosed(int,android.view.Menu) -> onPanelClosed
    boolean dispatchKeyEvent(android.view.KeyEvent) -> dispatchKeyEvent
    void onSaveInstanceState(android.os.Bundle) -> onSaveInstanceState
    void onRestoreInstanceState(android.os.Bundle) -> onRestoreInstanceState
    com.actionbarsherlock.view.MenuInflater getSupportMenuInflater() -> f
    void invalidateOptionsMenu() -> invalidateOptionsMenu
    void supportInvalidateOptionsMenu() -> c
    boolean onCreatePanelMenu(int,android.view.Menu) -> onCreatePanelMenu
    boolean onCreateOptionsMenu(android.view.Menu) -> onCreateOptionsMenu
    boolean onPreparePanel(int,android.view.View,android.view.Menu) -> onPreparePanel
com.actionbarsherlock.app.SherlockListActivity -> com.actionbarsherlock.app.SherlockListActivity:
    com.actionbarsherlock.ActionBarSherlock mSherlock -> a
    com.actionbarsherlock.ActionBarSherlock getSherlock() -> a
    void onConfigurationChanged(android.content.res.Configuration) -> onConfigurationChanged
    void onPostResume() -> onPostResume
    void onPause() -> onPause
    void onStop() -> onStop
    void onDestroy() -> onDestroy
    void onPostCreate(android.os.Bundle) -> onPostCreate
    void onTitleChanged(java.lang.CharSequence,int) -> onTitleChanged
    boolean onMenuOpened(int,android.view.Menu) -> onMenuOpened
    void onPanelClosed(int,android.view.Menu) -> onPanelClosed
    boolean dispatchKeyEvent(android.view.KeyEvent) -> dispatchKeyEvent
    void onSaveInstanceState(android.os.Bundle) -> onSaveInstanceState
    void onRestoreInstanceState(android.os.Bundle) -> onRestoreInstanceState
    void invalidateOptionsMenu() -> invalidateOptionsMenu
    boolean onCreateOptionsMenu(android.view.Menu) -> onCreateOptionsMenu
    boolean onPrepareOptionsMenu(android.view.Menu) -> onPrepareOptionsMenu
    boolean onOptionsItemSelected(android.view.MenuItem) -> onOptionsItemSelected
    void openOptionsMenu() -> openOptionsMenu
    void closeOptionsMenu() -> closeOptionsMenu
    void addContentView(android.view.View,android.view.ViewGroup$LayoutParams) -> addContentView
    void setContentView(int) -> setContentView