proguard/usage.txt
com.wlx.wsolandroid.BaseFragment:
    25:30:public void startLoading(com.wlx.wsolandroid.widget.ProgressWheel)
com.wlx.wsolandroid.BuildConfig
com.wlx.wsolandroid.MeizhouhuodongFragment:
    boolean running
com.wlx.wsolandroid.R
com.wlx.wsolandroid.R$anim
com.wlx.wsolandroid.R$attr
com.wlx.wsolandroid.R$bool
com.wlx.wsolandroid.R$color
com.wlx.wsolandroid.R$dimen
com.wlx.wsolandroid.R$drawable
com.wlx.wsolandroid.R$id
com.wlx.wsolandroid.R$integer
com.wlx.wsolandroid.R$layout
com.wlx.wsolandroid.R$string
com.wlx.wsolandroid.R$style
com.wlx.wsolandroid.R$styleable
com.wlx.wsolandroid.WeaponDuanzaoFragment
com.wlx.wsolandroid.WeaponDuanzaoFragment$1
com.wlx.wsolandroid.WeaponDuanzaoFragment$2
com.wlx.wsolandroid.WeaponDuanzaoFragment$3
com.wlx.wsolandroid.adapter.WeaponRankAdapter
com.wlx.wsolandroid.adapter.WeaponRankAdapter$ViewHolder
com.wlx.wsolandroid.adapter.WeaponTypeAdapter
com.wlx.wsolandroid.adapter.WeaponTypeAdapter$ViewHolder
com.wlx.wsolandroid.constant.Constant:
    public static final java.lang.String JINPAIWUQI
    public static final java.lang.String WUQIDUANZAO
    public static final java.lang.String RENWUBAOCHOU
    public static final java.lang.String RENWUDENGJI
    public static final java.lang.String FUJIANG
    public static final java.lang.String ABOUTAPP
    public static final java.lang.String MEIZHOUHUODONG
    public static final java.lang.String weaponNameR1
    public static final java.lang.String weaponDataR1G
    public static final java.lang.String weaponDataR1P
    public static final java.lang.String weaponDataR1F
    public static final java.lang.String weaponDataR1T
    public static final java.lang.String weaponDataR1W
    public static final java.lang.String xishuN1
    public static final java.lang.String xishuN2
    public static final java.lang.String xishuN3
    public static final java.lang.String xishuN4
    public static final java.lang.String xishuN5
    public static final java.lang.String xishuN6
    public static final java.lang.String xishuE6
    public static final java.lang.String xishuE7
    public static final java.lang.String xishuE8
    public static final java.lang.String xishuE9
    public static final java.lang.String xishuD
    public static final java.lang.String xishuJA
    public static final java.lang.String xishuJC
    public static final java.lang.String xishuC2
    public static final java.lang.String xishuC3
com.wlx.wsolandroid.model.Xishu:
    private static final long serialVersionUID
com.wlx.wsolandroid.utils.APIUtils:
    8:8:public APIUtils()
com.wlx.wsolandroid.utils.Utils:
    13:13:public Utils()
    45:60:public static int getDisplay(android.app.Activity,int)
com.wlx.wsolandroid.weapondata.ClothesXiandingData
com.wlx.wsolandroid.weapondata.R1WeaponData
com.wlx.wsolandroid.weapondata.R2WeaponData
com.wlx.wsolandroid.weapondata.R3WeaponData
com.wlx.wsolandroid.weapondata.R4WeaponData
com.wlx.wsolandroid.weapondata.R5WeaponData
com.wlx.wsolandroid.weapondata.R6WeaponData
com.wlx.wsolandroid.weapondata.R7WeaponData
com.wlx.wsolandroid.widget.DuanzaoView
com.wlx.wsolandroid.widget.ProgressWheel
com.wlx.wsolandroid.widget.TesuqianghuaView
...
android.support.v4.app.RemoteInput$ImplBase
android.support.v4.app.RemoteInput$ImplJellybean
android.support.v4.app.RemoteInputCompatApi20
android.support.v4.app.RemoteInputCompatBase
android.support.v4.app.RemoteInputCompatBase$RemoteInput
android.support.v4.app.RemoteInputCompatBase$RemoteInput$Factory
android.support.v4.app.RemoteInputCompatJellybean
android.support.v4.app.ServiceCompat
android.support.v4.app.ShareCompat
android.support.v4.app.ShareCompat$IntentBuilder
android.support.v4.app.ShareCompat$IntentReader
android.support.v4.app.ShareCompat$ShareCompatImpl
android.support.v4.app.ShareCompat$ShareCompatImplBase
android.support.v4.app.ShareCompat$ShareCompatImplICS
android.support.v4.app.ShareCompat$ShareCompatImplJB
android.support.v4.app.ShareCompatICS
android.support.v4.app.ShareCompatJB
android.support.v4.app.TaskStackBuilder
android.support.v4.app.TaskStackBuilder$SupportParentable
android.support.v4.app.TaskStackBuilder$TaskStackBuilderImpl
android.support.v4.app.TaskStackBuilder$TaskStackBuilderImplBase
android.support.v4.app.TaskStackBuilder$TaskStackBuilderImplHoneycomb
android.support.v4.app.TaskStackBuilder$TaskStackBuilderImplJellybean
android.support.v4.app.TaskStackBuilderHoneycomb
android.support.v4.app.TaskStackBuilderJellybean
android.support.v4.app.Watson:
    private static final java.lang.String TAG
android.support.v4.content.AsyncTaskLoader
android.support.v4.content.AsyncTaskLoader$LoadTask
android.support.v4.content.ContextCompat
android.support.v4.content.ContextCompatFroyo
android.support.v4.content.ContextCompatHoneycomb
android.support.v4.content.ContextCompatJellybean
android.support.v4.content.ContextCompatKitKat
android.support.v4.content.CursorLoader
android.support.v4.content.FileProvider:
    private static final java.lang.String META_DATA_FILE_PROVIDER_PATHS
    private static final java.lang.String TAG_ROOT_PATH
    private static final java.lang.String TAG_FILES_PATH
    private static final java.lang.String TAG_CACHE_PATH
    private static final java.lang.String TAG_EXTERNAL
    private static final java.lang.String ATTR_NAME
    private static final java.lang.String ATTR_PATH
    376:377:public static android.net.Uri getUriForFile(android.content.Context,java.lang.String,java.io.File)
android.support.v4.content.FileProvider$PathStrategy:
    public abstract android.net.Uri getUriForFile(java.io.File)
android.support.v4.content.FileProvider$SimplePathStrategy:
    662:692:public android.net.Uri getUriForFile(java.io.File)
android.support.v4.content.IntentCompat
android.support.v4.content.IntentCompat$IntentCompatImpl
android.support.v4.content.IntentCompat$IntentCompatImplBase
android.support.v4.content.IntentCompat$IntentCompatImplHC
android.support.v4.content.IntentCompat$IntentCompatImplIcsMr1
android.support.v4.content.IntentCompatHoneycomb
android.support.v4.content.IntentCompatIcsMr1
android.support.v4.content.Loader:
    android.content.Context mContext
    91:93:public Loader(android.content.Context)
    103:106:public void deliverResult(java.lang.Object)
    112:112:public android.content.Context getContext()
    119:119:public int getId()
    158:158:public boolean isStarted()
    167:167:public boolean isAbandoned()
    176:176:public boolean isReset()
    218:219:public void forceLoad()
    226:226:protected void onForceLoad()
    262:264:public void abandon()
    276:276:protected void onAbandon()
    314:317:public boolean takeContentChanged()
    328:329:public void commitContentChanged()
    339:342:public void rollbackContentChanged()
    353:361:public void onContentChanged()
android.support.v4.content.Loader$ForceLoadContentObserver
android.support.v4.content.Loader$OnLoadCompleteListener:
    public abstract void onLoadComplete(android.support.v4.content.Loader,java.lang.Object)
android.support.v4.content.LocalBroadcastManager
android.support.v4.content.LocalBroadcastManager$1
android.support.v4.content.LocalBroadcastManager$BroadcastRecord